{
  message: 'Get all cat request',
  level: 'info',
  timestamp: '2024-09-30T22:47:57.080Z'
}
{
  message: 'Get all cat request',
  level: 'info',
  timestamp: '2024-09-30T22:47:58.030Z'
}
{
  message: 'Get all cat request',
  level: 'info',
  timestamp: '2024-10-01T13:40:34.763Z'
}
{
  message: 'Get all cat request',
  level: 'info',
  timestamp: '2024-10-01T13:40:34.767Z'
}
{
  message: 'Get all cat request',
  level: 'info',
  timestamp: '2024-10-01T13:40:36.304Z'
}
{
  message: 'Get all cat request',
  level: 'info',
  timestamp: '2024-10-05T13:57:00.632Z'
}
{
  message: 'Get all cat request',
  level: 'info',
  timestamp: '2024-10-05T13:57:01.869Z'
}
{
  message: 'Get all cat request',
  level: 'info',
  timestamp: '2024-10-05T13:57:09.361Z'
}
{
  message: 'Get all cat request',
  level: 'info',
  timestamp: '2024-10-05T13:57:09.365Z'
}
{
  message: 'Get all cat request',
  level: 'info',
  timestamp: '2024-10-05T13:57:11.189Z'
}
{
  message: 'Get all cat request',
  level: 'info',
  timestamp: '2024-10-05T13:57:17.462Z'
}
{
  message: 'Get all cat request',
  level: 'info',
  timestamp: '2024-10-10T17:11:51.832Z'
}
{
  message: 'Get all cat request',
  level: 'info',
  timestamp: '2024-10-10T17:11:59.183Z'
}
{
  message: 'Get all cat request',
  level: 'info',
  timestamp: '2024-10-10T17:12:10.665Z'
}
{
  message: 'Get all cat request',
  level: 'info',
  timestamp: '2024-10-10T17:24:38.958Z'
}
{
  message: 'Get all cat request',
  level: 'info',
  timestamp: '2024-10-10T17:24:38.962Z'
}
{
  message: 'Get all cat request',
  level: 'info',
  timestamp: '2024-10-10T17:25:24.670Z'
}
{
  message: 'Get all cat request',
  level: 'info',
  timestamp: '2024-10-10T17:25:24.673Z'
}
{
  message: 'Get all cat request',
  level: 'info',
  timestamp: '2024-10-10T17:25:30.341Z'
}
{
  message: 'Get all cat request',
  level: 'info',
  timestamp: '2024-10-10T17:26:10.691Z'
}
{
  message: 'Get all cat request',
  level: 'info',
  timestamp: '2024-10-10T19:27:51.475Z'
}
{
  message: 'Get all cat request',
  level: 'info',
  timestamp: '2024-10-10T19:27:59.167Z'
}
{
  message: 'Get all cat request',
  level: 'info',
  timestamp: '2024-10-10T19:28:11.561Z'
}
{
  message: 'Get all cat request',
  level: 'info',
  timestamp: '2024-10-10T19:28:11.570Z'
}
{
  message: 'Get all cat request',
  level: 'info',
  timestamp: '2024-10-10T19:35:32.418Z'
}
{
  message: 'Get all cat request',
  level: 'info',
  timestamp: '2024-10-10T19:35:49.742Z'
}
{
  message: 'Get all cat request',
  level: 'info',
  timestamp: '2024-10-10T19:35:49.776Z'
}
